Run started: run_20260710_215556_245359
Task: TASK (distillato dalla conversazione in chat):
**Task: Integrate Pint library into `calculator.py`**

**Implementation:**
- Add Pint dependency for physical quantity management
- Implement unit conversion methods (e.g., `convert(value, from_unit, to_unit)`)
- Add dimensional-safe operations (prevent invalid math like `kg + m`)
- Support automatic unit factorization and complex conversions (temperature, distance, etc.)

**File:** `calculator.py` (existing project in workspace)

**Dependencies:** `pip install pint`
[INFO] DEVIN starting...
[INFO] Checking model availability...
[WARNING] ⚠️ Rig esterno (primario) non disponibile. Uso modelli locali di backup (16GB VRAM) — sconsigliato per scaffolding/debug pesante, ok per chat.
[SUCCESS] Models ready (source: local)
[INFO] Building context...
[INFO] Semantic context: 0 chars
[INFO] Context: 4065 chars
[INFO] Planner analyzing...
[INFO] Plan: 1 steps
[INFO] Edit mode: WHOLE-FILE (progetto piccolo, file <= 300 righe) — bypass diff/patcher
[INFO] 
Attempt 1/3
[INFO] Coder generating patch...
[INFO] Whole-file: 2 file, 10859 caratteri
[INFO] Debug: file interi salvati in run_20260710_215556_245359_attempt1_files.txt
[INFO] Patcher applying (whole-file)...
[INFO] File interi scritti nel sandbox
[INFO] Runner executing...
[ERROR] Execution failed: Traceback (most recent call last):
  File "/home/tillo/devin_ai_ide/workspace/calcolatrice base/workspace/sandbox/calculator.py", line 3, in <module>
    from calculator_logic import Calculator
  File "/home/tillo/devin_ai_ide/workspace/calcolatrice base/workspace/sandbox/calculator_logic.py", line 1, in <module>
    import pint
ModuleNotFoundError: No module named 'pint'

[INFO] Critic analyzing...
[INFO] [WEB-REF] Errore cercabile, consulto il web: Traceback (most recent call last):
[INFO] Critic feedback: ## Root Cause Analysis

**The error is a dependency issue, not a code logic problem.**

The `ModuleNotFoundError: No module named 'pint'` occurs because the `pint` library is not installed in the Pyth...
[INFO] 
Attempt 2/3
[INFO] Coder generating patch...
[INFO] Whole-file: 2 file, 5690 caratteri
[INFO] Debug: file interi salvati in run_20260710_215556_245359_attempt2_files.txt
[INFO] Patcher applying (whole-file)...
[INFO] File interi scritti nel sandbox
[INFO] Runner executing...
[ERROR] Execution failed: Traceback (most recent call last):
  File "/home/tillo/devin_ai_ide/workspace/calcolatrice base/workspace/sandbox/calculator.py", line 2, in <module>
    from calculator_logic import Calculator
  File "/home/tillo/devin_ai_ide/workspace/calcolatrice base/workspace/sandbox/calculator_logic.py", line 1, in <module>
    import pint
ModuleNotFoundError: No module named 'pint'

[INFO] Critic analyzing...
[INFO] [WEB-REF] Errore cercabile, consulto il web: Traceback (most recent call last):
[INFO] Critic feedback: ## Root Cause Analysis

**Root Cause:** The `pint` library is not installed in the Python environment.

The patch correctly added the `import pint` statement to `calculator_logic.py`, but the `pint` p...
[INFO] 
Attempt 3/3
[INFO] Coder generating patch...
[INFO] Whole-file: 2 file, 7683 caratteri
[INFO] Debug: file interi salvati in run_20260710_215556_245359_attempt3_files.txt
[INFO] Patcher applying (whole-file)...
[INFO] File interi scritti nel sandbox
[INFO] Runner executing...
[ERROR] Execution failed: Traceback (most recent call last):
  File "/home/tillo/devin_ai_ide/workspace/calcolatrice base/workspace/sandbox/calculator.py", line 2, in <module>
    from calculator_logic import Calculator
  File "/home/tillo/devin_ai_ide/workspace/calcolatrice base/workspace/sandbox/calculator_logic.py", line 1, in <module>
    import pint
ModuleNotFoundError: No module named 'pint'

[INFO] Critic analyzing...
[INFO] Critic feedback: ## Root Cause Analysis

**The error is a dependency issue, not a code logic problem.**

The `ModuleNotFoundError: No module named 'pint'` occurs because:

1. The patch **correctly added** the `import ...
[ERROR] Max retries exceeded

status: failed
[INFO] Orchestrator finished. Models still running.
