Run started: run_20260710_093802_346415
Task: Applica al progetto le modifiche discusse/concordate in questa conversazione utente-assistente. Le decisioni e correzioni piu' recenti hanno precedenza su quelle vecchie.

=== CONVERSAZIONE ===
[USER]: riusciamo a sfruttare pint come libreria per calcolatrice

[ASSISTANT]: Buona domanda! Basandomi sui risultati della ricerca e sulla natura di Pinterest, ecco una valutazione onesta:

## Pinterest come "libreria" per una calcolatrice

**Non è il caso d'uso principale**, ma ci sono alcune possibilità creative:

### Cosa Pinterest NON è (per una calcolatrice)
- Non è un database strutturato di dati numerici
- Non ha API per estrarre calcoli o formule
- Non è progettato per essere una fonte di dati per calcoli

### Cosa Pinterest PUÒ essere (in modo creativo)

| Possibilità | Descrizione |
|---|---|
| **Libreria di ispirazione UI** | Usare Pinterest per trovare design e layout per l'interfaccia della calcolatrice |
| **Fonte dati visivi** | Creare una calcolatrice per immagini (es. calcolare proporzioni, colori, dimensioni da pin) |
| **Analytics-driven** | Usare i dati di Pinterest (impression, clic) come input per calcoli di marketing |
| **Brainstorming** | Usare Pinterest per raccogliere idee e formule da organizzare |

### Alternativa migliore per una "libreria"
Se cerchi una libreria per la tua **calcolatrice base** (progetto nel workspace), potresti valutare:
- **Librerie JavaScript** (es. `mathjs`, `decimal.js`)
- **Formule e funzioni** organizzate in modo strutturato
- **Dataset** numerici da cui calcolare

---

**In sintesi:** Pinterest è ottimo come *ispirazione* o come *motore di ricerca visuale*, ma non è una libreria di dati o formule per una calcolatrice. Se il tuo obiettivo è una calcolatrice con dati esterni, Pinterest non è lo strumento giusto. Se invece vuoi ispirazione per il design o un modo per calcolare metriche basate su contenuti visivi, allora ha senso.

Vuoi che guardi il progetto `calcolatrice base` nel workspace per capire meglio cosa intendi?

[USER]: Userei Pint: è perfetta per una calcolatrice perché gestisce quantità, unità di misura e conversioni. non ho detto pinterest. non immaginare parole.

[ASSISTANT]: Ah, **Pint** (la libreria Python per quantità fisiche)! Perfetto, ora ha senso.

## Pint per la tua calcolatrice

Pint è esattamente il caso d'uso giusto: gestisce **quantità, unità di misura e conversioni**.

### Cosa puoi fare con Pint nella calcolatrice

| Funzionalità | Esempio |
|---|---|
| **Conversioni unità** | `10 km/h → m/s` |
| **Operazioni con unità** | `5 kg + 3 kg = 8 kg` |
| **Dimensional analysis** | Verifica che le operazioni siano dimensionalmente corrette |
| **Conversioni complesse** | `100°F → °C`, `5 miles → km` |

### Esempio di integrazione con il tuo progetto

```python
from pint import UnitRegistry
from calculator_logic import Calculator

ureg = UnitRegistry()
Q_ = ureg.Quantity

class CalculatorWithUnits:
    def __init__(self):
        self.calculator = Calculator()
        self.ureg = ureg
    
    def convert(self, value, from_unit, to_unit):
        quantity = Q_(value, from_unit)
        return quantity.to(to_unit).magnitude
    
    def add_with_units(self, value1, unit1, value2, unit2):
        q1 = Q_(value1, unit1)
        q2 = Q_(value2, unit2)
        result = q1 + q2
        return result.magnitude, result.units
```

### Vantaggi rispetto alla calcolatrice base
- **Sicurezza**: Pint impedisce operazioni dimensionalmente errate (es. `5 kg + 3 m` → errore)
- **Conversioni automatiche**: Non devi gestire i fattori di conversione manualmente
- **Unità standardizzate**: Supporta centinaia di unità (SI, imperiali, ecc.)

Vuoi che ti aiuti a integrare Pint nel progetto `calculator.py` del workspace?
[INFO] DEVIN starting...
[INFO] Checking model availability...
[WARNING] ⚠️ Rig esterno (primario) non disponibile. Uso modelli locali di backup (16GB VRAM) — sconsigliato per scaffolding/debug pesante, ok per chat.
[SUCCESS] Models ready (source: local)
[INFO] Building context...
[INFO] Semantic context: 0 chars
[INFO] Context: 7277 chars
[INFO] Planner analyzing...
[INFO] Plan: 29 steps
[INFO] 
Attempt 1/3
[INFO] Coder generating patch...
[INFO] Patch: 0 lines
[INFO] Debug: patch grezza salvata in run_20260710_093802_346415_attempt1_patch.diff
[INFO] Patcher applying...
[ERROR] Patch failed: Empty or invalid patch
[WARNING] [SELF-HEAL] patcher failed: Empty or invalid patch — invio al Critic per auto-correzione
[INFO] [SELF-HEAL] Critic feedback: ## Root Cause Analysis

**Error Type:** Tool Failure - Empty or invalid patch

**Root Cause:** The patching system received an empty or malformed patch content. This is not a code logic error but a to
[INFO] 
Attempt 2/3
[INFO] Coder generating patch...
[INFO] Patch: 9146 lines
[INFO] Debug: patch grezza salvata in run_20260710_093802_346415_attempt2_patch.diff
[INFO] Patcher applying...
[ERROR] Patch failed: All patch methods failed. Fuzzy failed on: ['calculator_logic.py', 'calculator_logic.py', 'calculator_logic.py', 'calculator_logic.py', 'calculator.py', 'calculator.py', 'calculator.py']
[WARNING] [SELF-HEAL] patcher failed: All patch methods failed. Fuzzy failed on: ['calculator_logic.py', 'calculator_logic.py', 'calculator_logic.py', 'calculator_logic.py', 'calculator.py', 'calculator.py', 'calculator.py'] — invio al Critic per auto-correzione
[INFO] [SELF-HEAL] Critic feedback: 
[INFO] 
Attempt 3/3
[INFO] Coder generating patch...
[INFO] Patch: 0 lines
[INFO] Debug: patch grezza salvata in run_20260710_093802_346415_attempt3_patch.diff
[INFO] Patcher applying...
[ERROR] Patch failed: Empty or invalid patch
[WARNING] [SELF-HEAL] patcher failed: Empty or invalid patch — invio al Critic per auto-correzione
[INFO] [SELF-HEAL] Critic feedback: ## Root Cause Analysis

**The error "Empty or invalid patch" occurred because:**

1. **No patch content was provided** - The "PATCH APPLIED:" section is completely empty, meaning no actual code change
[ERROR] Max retries exceeded

status: failed
[INFO] Orchestrator finished. Models still running.
