Run started: run_20260705_051106
Task: correggi il bottone CE che non pulisce il display, il tasto = che non diventa verde, e gestisci la divisione per zero
[INFO] DEVIN starting...
[INFO] Checking model availability...
[WARNING] ⚠️ Rig esterno (primario) non disponibile. Uso modelli locali di backup (16GB VRAM) — sconsigliato per scaffolding/debug pesante, ok per chat.
[SUCCESS] Models ready (source: local)
[INFO] Building context...
[INFO] Semantic context: 0 chars
[INFO] Context: 3582 chars
[INFO] Planner analyzing...
[INFO] Plan: 16 steps
[INFO] 
Attempt 1/3
[INFO] Coder generating patch...
[INFO] Patch: 646 lines
[INFO] Debug: patch grezza salvata in run_20260705_051106_attempt1_patch.diff
[INFO] Patcher applying...
[ERROR] Patch failed: All patch methods failed. Fuzzy failed on: ['calculator.py', 'calculator.py']
[WARNING] [SELF-HEAL] patcher failed: All patch methods failed. Fuzzy failed on: ['calculator.py', 'calculator.py'] — invio al Critic per auto-correzione
[INFO] [SELF-HEAL] Critic feedback: ## Root Cause Analysis

The patch failed because it attempted to modify lines that don't exist in the target file. The patch is trying to change `self.display_text = '0'` to `self.calculator.clear_ent
[INFO] 
Attempt 2/3
[INFO] Coder generating patch...
[INFO] Patch: 248 lines
[INFO] Debug: patch grezza salvata in run_20260705_051106_attempt2_patch.diff
[INFO] Patcher applying...
[ERROR] Patch failed: All patch methods failed. Fuzzy failed on: ['calculator.py']
[WARNING] [SELF-HEAL] patcher failed: All patch methods failed. Fuzzy failed on: ['calculator.py'] — invio al Critic per auto-correzione
[INFO] [SELF-HEAL] Critic feedback: ## Root Cause Analysis

The error occurs because the patch was applied to the wrong file or with incorrect line numbers. The actual file `calculator.py` contains the buggy code `self.display_text = '0
[INFO] 
Attempt 3/3
[INFO] Coder generating patch...
[INFO] Patch: 427 lines
[INFO] Debug: patch grezza salvata in run_20260705_051106_attempt3_patch.diff
[INFO] Patcher applying...
[INFO] Patch applied to sandbox
[INFO] Runner executing...
[ERROR] Execution failed: no entrypoint trovato
[INFO] Critic analyzing...
[INFO] Critic feedback: ## Root Cause Analysis

The error **"no entrypoint found"** indicates the program cannot execute due to **incomplete/corrupted files** in the sandbox.

### Key Issues:

1. **Truncated Files**: The ACT...
[ERROR] Max retries exceeded

status: failed
[INFO] Orchestrator finished. Models still running.
