Run started: run_20260704_173014
Task: trova e correggi eventuali bug
[INFO] DEVIN starting...
[INFO] Checking model availability...
[WARNING] ⚠️ Rig esterno (primario) non disponibile. Uso modelli locali di backup (16GB VRAM) — sconsigliato per scaffolding/debug pesante, ok per chat.
[SUCCESS] Models ready (source: local)
[INFO] Building context...
[INFO] Semantic context: 0 chars
[INFO] Context: 218 chars
[INFO] Planner analyzing...
[INFO] Plan: 8 steps
[INFO] 
Attempt 1/3
[INFO] Coder generating patch...
[INFO] Patch: 142 lines
[INFO] Patcher applying...
[ERROR] Patch failed: All patch methods failed. Fuzzy failed on: ['calc.py']
[WARNING] [SELF-HEAL] patcher failed: All patch methods failed. Fuzzy failed on: ['calc.py'] — invio al Critic per auto-correzione
[INFO] [SELF-HEAL] Critic feedback: ## Analysis

**Root Cause:** The patch itself is logically correct (changing `a - b` to `a + b`), but the **patching tool failed to apply it**. The error "All patch methods failed" indicates a tool ex
[INFO] 
Attempt 2/3
[INFO] Coder generating patch...
[INFO] Patch: 142 lines
[INFO] Patcher applying...
[ERROR] Patch failed: All patch methods failed. Fuzzy failed on: ['calc.py']
[WARNING] [SELF-HEAL] patcher failed: All patch methods failed. Fuzzy failed on: ['calc.py'] — invio al Critic per auto-correzione
[INFO] [SELF-HEAL] Critic feedback: ## Root Cause Analysis

The error **"All patch methods failed. Fuzzy failed on: ['calc.py']"** indicates a **tool failure**, not a code logic issue.

The patching system attempted to apply the fix but
[INFO] 
Attempt 3/3
[INFO] Coder generating patch...
[INFO] Patch: 142 lines
[INFO] Patcher applying...
[ERROR] Patch failed: All patch methods failed. Fuzzy failed on: ['calc.py']
[WARNING] [SELF-HEAL] patcher failed: All patch methods failed. Fuzzy failed on: ['calc.py'] — invio al Critic per auto-correzione
[INFO] [SELF-HEAL] Critic feedback: ## Analysis

**Root Cause:** This is a **Tool Failure**, not a code logic error.

The patch was successfully applied to `calc.py` - the file now correctly contains:
```python
def add(a, b):
    return
[ERROR] Max retries exceeded

status: failed

status: failed
[INFO] Orchestrator finished. Models still running.
