Run started: run_20260709_141736
Task: il tasto = deve diventare verde invece che giallo, e gestisci il caso in cui si digita un numero dopo un errore di divisione per zero
[INFO] DEVIN starting...
[INFO] Checking model availability...
[WARNING] ⚠️ Rig esterno (primario) non disponibile. Uso modelli locali di backup (16GB VRAM) — sconsigliato per scaffolding/debug pesante, ok per chat.
[SUCCESS] Models ready (source: local)
[INFO] Building context...
[INFO] Semantic context: 0 chars
[INFO] Context: 3604 chars
[INFO] Planner analyzing...
[INFO] Plan: 3 steps
[INFO] 
Attempt 1/3
[INFO] Coder generating patch...
[INFO] Patch: 872 lines
[INFO] Debug: patch grezza salvata in run_20260709_141736_attempt1_patch.diff
[INFO] Patcher applying...
[INFO] Patch applied to sandbox
[INFO] Runner executing...
[SUCCESS] Execution successful!
[INFO] Sandbox synced to project
[INFO] Changes committed

status: success
[INFO] Orchestrator finished. Models still running.
