Run started: run_20260710_220511_618924
Task: TASK (distillato dalla conversazione in chat):
**Task:** Integrate Pint library into `calculator.py` to enable unit conversion, dimensional analysis, and operations with units.

**Implementation:**
- Add Pint import and UnitRegistry initialization
- Implement `convert()` method for unit conversion
- Implement `add_with_units()` for dimensional operations
- Add validation to prevent invalid dimensional operations
- Update existing calculator methods to support units

**Constraints:**
- Use `calculator.py` file
- Maintain backward compatibility with existing calculator functionality
- Ensure all unit operations are dimensionally safe
[INFO] DEVIN starting...
[INFO] Checking model availability...
[WARNING] ⚠️ Rig esterno (primario) non disponibile. Uso modelli locali di backup (16GB VRAM) — sconsigliato per scaffolding/debug pesante, ok per chat.
[SUCCESS] Models ready (source: local)
[INFO] Building context...
[INFO] Semantic context: 0 chars
[INFO] Context: 4186 chars
[INFO] Planner analyzing...
[INFO] Plan: 51 steps
[INFO] Edit mode: WHOLE-FILE (progetto piccolo, file <= 300 righe) — bypass diff/patcher
[INFO] 
Attempt 1/3
[INFO] Coder generating patch...
[INFO] Whole-file: 2 file, 6076 caratteri
[INFO] Debug: file interi salvati in run_20260710_220511_618924_attempt1_files.txt
[INFO] Patcher applying (whole-file)...
[INFO] File interi scritti nel sandbox
[INFO] Runner executing...
[SUCCESS] Execution successful!
[INFO] Sandbox synced to project
[INFO] Changes committed

status: success
[INFO] Orchestrator finished. Models still running.
