Run started: run_20260710_100655_499549
Task: TASK (distillato dalla conversazione in chat):
**Task: Integrate Pint library into calculator project**

**What to implement:**
- Add Pint library support for unit conversion and dimensional operations
- Enable calculator to handle quantities with units (e.g., `5 kg + 3 kg`, `10 km/h → m/s`)
- Add automatic unit conversion functionality
- Implement dimensional safety checks (prevent invalid operations like `5 kg + 3 m`)

**Files to modify:**
- `calculator.py` - Main calculator file in workspace
- Add new module/class for unit-aware calculations

**Dependencies:**
- Install `pint` library: `pip install pint`

**Key features:**
- Unit conversion (e.g., `100°F → °C`, `5 miles → km`)
- Operations with units (e.g., `5 kg + 3 kg = 8 kg`)
- Dimensional analysis (validate operations are dimensionally correct)
[INFO] DEVIN starting...
[INFO] Checking model availability...
[WARNING] ⚠️ Rig esterno (primario) non disponibile. Uso modelli locali di backup (16GB VRAM) — sconsigliato per scaffolding/debug pesante, ok per chat.
[SUCCESS] Models ready (source: local)
[INFO] Building context...
[INFO] Semantic context: 0 chars
[INFO] Context: 4359 chars
[INFO] Planner analyzing...
[INFO] Plan: 35 steps
[INFO] 
Attempt 1/3
[INFO] Coder generating patch...
[INFO] Patch: 0 righe (0 caratteri)
[INFO] Debug: patch grezza salvata in run_20260710_100655_499549_attempt1_patch.diff
[INFO] Patcher applying...
[ERROR] Patch failed: Empty or invalid patch
[WARNING] [SELF-HEAL] patcher failed: Empty or invalid patch — invio al Critic per auto-correzione
[INFO] [SELF-HEAL] Critic feedback: ## Root Cause Analysis

The error "Empty or invalid patch" combined with the provided code context reveals a **syntax error** in `calculator.py`.

### Specific Issue

In the `on_button_click` method o
[INFO] 
Attempt 2/3
[INFO] Coder generating patch...
[INFO] Patch: 0 righe (0 caratteri)
[INFO] Debug: patch grezza salvata in run_20260710_100655_499549_attempt2_patch.diff
[INFO] Patcher applying...
[ERROR] Patch failed: Empty or invalid patch
[WARNING] [SELF-HEAL] patcher failed: Empty or invalid patch — invio al Critic per auto-correzione
[INFO] [SELF-HEAL] Critic feedback: ## Root Cause Analysis

The error "Empty or invalid patch" indicates that **no actual changes were applied** to implement the required Pint library functionality. The code context shows:

1. **Missing
[INFO] 
Attempt 3/3
[INFO] Coder generating patch...
[INFO] Patch: 95 righe (3172 caratteri)
[INFO] Debug: patch grezza salvata in run_20260710_100655_499549_attempt3_patch.diff
[INFO] Patcher applying...
[ERROR] Patch failed: All patch methods failed. Fuzzy failed on: ['calculator.py', 'calculator.py', 'calculator.py', 'calculator.py']
[WARNING] [SELF-HEAL] patcher failed: All patch methods failed. Fuzzy failed on: ['calculator.py', 'calculator.py', 'calculator.py', 'calculator.py'] — invio al Critic per auto-correzione
[INFO] [SELF-HEAL] Critic feedback: ## Root Cause Analysis

The patch failed because it was attempting to modify files that don't contain the expected content. The patch tried to:

1. Add a new `UnitCalculatorLogic` class to `calculator
[ERROR] Max retries exceeded

status: failed
[INFO] Orchestrator finished. Models still running.
