Run started: run_20260702_025239
Task: Fix the bug in calc.py
[INFO] 🚀 DEVIN starting...
[SUCCESS] ✅ Models ready (source: local)
[INFO] 📚 Building context...
[WARNING] Semantic search warning: shapes (1,4) and (13,4) not aligned: 4 (dim 1) != 13 (dim 0)
[INFO] Context: 371 chars
[INFO] 🧠 Planner analyzing...
[INFO] Plan: 1 steps
[INFO] 
🔄 Attempt 1/3
[INFO] 💻 Coder generating patch...
[INFO] Patch: 135 lines
[INFO] 🔧 Patcher applying...
[INFO] Patch applied to sandbox
[INFO] ▶️ Runner executing...
[SUCCESS] ✅ Execution successful!
[INFO] Sandbox synced to project
[INFO] Changes committed

status: success
