Run started: run_20260702_024215
Task: Fix the bug in calc.py
[INFO] 🚀 DEVIN starting...
[SUCCESS] ✅ Models ready (source: local)
[INFO] 📚 Building context...
[INFO] Semantic context: 0 chars
[INFO] Context: 371 chars
[INFO] 🧠 Planner analyzing...
[INFO] Plan: 1 steps
[INFO] 
🔄 Attempt 1/3
[INFO] 💻 Coder generating patch...
[INFO] Patch: 0 lines
[INFO] 🔧 Patcher applying...
[ERROR] Patch failed: Empty or invalid patch
[INFO] 
🔄 Attempt 2/3
[INFO] 💻 Coder generating patch...
[INFO] Patch: 0 lines
[INFO] 🔧 Patcher applying...
[ERROR] Patch failed: Empty or invalid patch
[INFO] 
🔄 Attempt 3/3
[INFO] 💻 Coder generating patch...
[INFO] Patch: 0 lines
[INFO] 🔧 Patcher applying...
[ERROR] Patch failed: Empty or invalid patch
[ERROR] ❌ Max retries exceeded

status: failed
