Run started: run_20260710_094808_343506
Task: TASK (distillato dalla conversazione in chat):
**Task: Integrate Pint library into calculator project**

**What to implement:**
- Add Pint dependency for physical quantities and unit conversions
- Enable automatic unit conversion (e.g., `10 km/h → m/s`)
- Add dimensional analysis (prevent invalid operations like `5 kg + 3 m`)
- Support complex conversions (temperature, distance, etc.)

**Files to modify:**
- `calculator.py` - Add Pint integration
- `requirements.txt` - Add `pint` dependency

**Dependencies:**
- `pint` (Python library for physical quantities)

**Implementation approach:**
- Create a `CalculatorWithUnits` class that wraps the existing calculator
- Use `pint.UnitRegistry` for unit management
- Implement conversion methods using `Q_` (Quantity)
- Add validation to prevent dimensional errors
[INFO] DEVIN starting...
[INFO] Checking model availability...
[WARNING] ⚠️ Rig esterno (primario) non disponibile. Uso modelli locali di backup (16GB VRAM) — sconsigliato per scaffolding/debug pesante, ok per chat.
[SUCCESS] Models ready (source: local)
[INFO] Building context...
[INFO] Semantic context: 0 chars
[INFO] Context: 4361 chars
[INFO] Planner analyzing...
[INFO] Plan: 19 steps
[INFO] 
Attempt 1/3
[INFO] Coder generating patch...
[INFO] Patch: 0 righe (0 caratteri)
[INFO] Debug: patch grezza salvata in run_20260710_094808_343506_attempt1_patch.diff
[INFO] Patcher applying...
[ERROR] Patch failed: Empty or invalid patch
[WARNING] [SELF-HEAL] patcher failed: Empty or invalid patch — invio al Critic per auto-correzione
[INFO] [SELF-HEAL] Critic feedback: ## Root Cause Analysis

**Error:** "Empty or invalid patch"

### Primary Issues Identified:

1. **Incomplete file content extraction**
   - The `calculator.py` file content is truncated, ending mid-fu
[INFO] 
Attempt 2/3
[INFO] Coder generating patch...
[INFO] Patch: 0 righe (0 caratteri)
[INFO] Debug: patch grezza salvata in run_20260710_094808_343506_attempt2_patch.diff
[INFO] Patcher applying...
[ERROR] Patch failed: Empty or invalid patch
[WARNING] [SELF-HEAL] patcher failed: Empty or invalid patch — invio al Critic per auto-correzione
[INFO] [SELF-HEAL] Critic feedback: ## Root Cause Analysis

The error **"Empty or invalid patch"** indicates that the patch file was either malformed, empty, or failed to properly modify the target files.

### Specific Issues Identified
[INFO] 
Attempt 3/3
[INFO] Coder generating patch...
[INFO] Patch: 140 righe (4104 caratteri)
[INFO] Debug: patch grezza salvata in run_20260710_094808_343506_attempt3_patch.diff
[INFO] Patcher applying...
[ERROR] Patch failed: All patch methods failed. Fuzzy failed on: ['calculator.py', 'calculator.py', 'calculator.py', 'calculator_units.py', 'calculator_units.py', 'requirements.txt', 'requirements.txt']
[WARNING] [SELF-HEAL] patcher failed: All patch methods failed. Fuzzy failed on: ['calculator.py', 'calculator.py', 'calculator.py', 'calculator_units.py', 'calculator_units.py', 'requirements.txt', 'requirements.txt'] — invio al Critic per auto-correzione
[INFO] [SELF-HEAL] Critic feedback: ## Root Cause Analysis

The error "All patch methods failed" indicates the patching system couldn't apply changes. The root cause is **syntax errors in the proposed patch** combined with **incomplete 
[ERROR] Max retries exceeded

status: failed
[INFO] Orchestrator finished. Models still running.
