Run started: run_20260704_160623
Task: trova e correggi eventuali bug
[INFO] DEVIN starting...
[INFO] DEVIN starting...
[INFO] Checking model availability...
[WARNING] ⚠️ Rig esterno (primario) non disponibile. Uso modelli locali di backup (16GB VRAM) — sconsigliato per scaffolding/debug pesante, ok per chat.
[SUCCESS] Models ready (source: local)
[SUCCESS] Models ready (source: local)
[INFO] Building context...
[INFO] Building context...
[INFO] Semantic context: 0 chars
[INFO] Semantic context: 0 chars
[INFO] Context: 396 chars
[INFO] Context: 396 chars
[INFO] Planner analyzing...
[INFO] Planner analyzing...
[INFO] Plan: 4 steps
[INFO] Plan: 4 steps
[INFO] 
Attempt 1/3
[INFO] 
Attempt 1/3
[INFO] Coder generating patch...
[INFO] Coder generating patch...
[INFO] Patch: 142 lines
[INFO] Patch: 142 lines
[INFO] Patcher applying...
[INFO] Patcher applying...
[ERROR] Patch failed: All patch methods failed. Fuzzy failed on: ['calc.py']
[ERROR] Patch failed: All patch methods failed. Fuzzy failed on: ['calc.py']
[WARNING] [SELF-HEAL] patcher failed: All patch methods failed. Fuzzy failed on: ['calc.py'] — invio al Critic per auto-correzione
[INFO] [SELF-HEAL] Critic feedback: ## Root Cause Analysis

The patch was applied to the **wrong file**. 

The patch attempted to fix `workspace/sandbox/calc.py`, but that file already contained the correct code (`return a + b`). The ac
[INFO] 
Attempt 2/3
[INFO] 
Attempt 2/3
[INFO] Coder generating patch...
[INFO] Coder generating patch...
[INFO] Patch: 142 lines
[INFO] Patch: 142 lines
[INFO] Patcher applying...
[INFO] Patcher applying...
[ERROR] Patch failed: All patch methods failed. Fuzzy failed on: ['calc.py']
[ERROR] Patch failed: All patch methods failed. Fuzzy failed on: ['calc.py']
[WARNING] [SELF-HEAL] patcher failed: All patch methods failed. Fuzzy failed on: ['calc.py'] — invio al Critic per auto-correzione
[INFO] [SELF-HEAL] Critic feedback: ## Root Cause Analysis

The patch was applied to the **wrong file**. The test imports from `calc.py` (root directory), but the patch was applied to `workspace/sandbox/calc.py`.

### Evidence:
- **Test
[INFO] 
Attempt 3/3
[INFO] 
Attempt 3/3
[INFO] Coder generating patch...
[INFO] Coder generating patch...
[INFO] Patch: 142 lines
[INFO] Patch: 142 lines
[INFO] Patcher applying...
[INFO] Patcher applying...
[ERROR] Patch failed: All patch methods failed. Fuzzy failed on: ['calc.py']
[ERROR] Patch failed: All patch methods failed. Fuzzy failed on: ['calc.py']
[WARNING] [SELF-HEAL] patcher failed: All patch methods failed. Fuzzy failed on: ['calc.py'] — invio al Critic per auto-correzione
[INFO] [SELF-HEAL] Critic feedback: ## Root Cause Analysis

**The patch was applied to the wrong file.**

The patch modified `workspace/sandbox/calc.py` (which already had the correct code `return a + b`), but the actual bug exists in `
[ERROR] Max retries exceeded
[ERROR] Max retries exceeded

status: failed

status: failed
[INFO] Orchestrator finished. Models still running.
